Microsoft (R) Macro Assembler Version 14.10.25019.0	    05/07/17 01:59:12
"Assignment 3     (assignment3.asm			     Page 1 - 1


				TITLE Assignment 3     (assignment3.asm)

				; Author: Dat Pham
				; Course CS 271 / Project ID          Date: 5/03/2017
				; Description: Write a program to calculate negative number



				INCLUDE Irvine32.inc
			      C ; Include file for Irvine32.lib             (Irvine32.inc)
			      C 
			      C ;OPTION CASEMAP:NONE		; optional: make identifiers case-sensitive
			      C 
			      C INCLUDE SmallWin.inc		; MS-Windows prototypes, structures, and constants
			      C .NOLIST
			      C .LIST
			      C 
			      C INCLUDE VirtualKeys.inc
			      C ; VirtualKeys.inc
			      C .NOLIST
			      C .LIST
			      C 
			      C 
			      C .NOLIST
			      C .LIST
			      C 
 = 00000064			MAXSIZE=100
 =-00000064			LOWER   = -100
 =-00000001			UPPER	= -1
 00000000			.data

 00000000 00000000		num				    DWORD	?
 00000004 00000000		sum					DWORD	0
 00000008 FFFFFFFF		counter				DWORD	-1
 0000000C 00000000		counterpoint		DWORD	0
 00000010 00000000		first				DWORD	0
 00000014 00000000		second				DWORD	0
 00000018 00000000		third				DWORD	0
 0000001C 00000000		average				DWORD   0
 00000020 00000000		remainder			DWORD	0

 00000024 2A 2A 45 43 3A	extra1				BYTE			"**EC: Number the lines during user input.",0
	   20 4E 75 6D 62
	   65 72 20 74 68
	   65 20 6C 69 6E
	   65 73 20 64 75
	   72 69 6E 67 20
	   75 73 65 72 20
	   69 6E 70 75 74
	   2E 00
 0000004E 2A 2A 45 43 3A	extra2				BYTE			"**EC: Calculate and display the average as a floating-point number, rounded to the nearest .001.",0
	   20 43 61 6C 63
	   75 6C 61 74 65
	   20 61 6E 64 20
	   64 69 73 70 6C
	   61 79 20 74 68
	   65 20 61 76 65
	   72 61 67 65 20
	   61 73 20 61 20
	   66 6C 6F 61 74
	   69 6E 67 2D 70
	   6F 69 6E 74 20
	   6E 75 6D 62 65
	   72 2C 20 72 6F
	   75 6E 64 65 64
	   20 74 6F 20 74
	   68 65 20 6E 65
	   61 72 65 73 74
	   20 2E 30 30 31
	   2E 00

 000000AF 57 65 6C 63 6F	title1				BYTE			"Welcome to the Integer Accumulator by Dat Pham",0
	   6D 65 20 74 6F
	   20 74 68 65 20
	   49 6E 74 65 67
	   65 72 20 41 63
	   63 75 6D 75 6C
	   61 74 6F 72 20
	   62 79 20 44 61
	   74 20 50 68 61
	   6D 00
 000000DE 57 68 61 74 20	title2				BYTE			"What is your name? ",0
	   69 73 20 79 6F
	   75 72 20 6E 61
	   6D 65 3F 20 00
 000000F2 48 65 6C 6C 6F	title3				BYTE			"Hello, ",0
	   2C 20 00
 000000FA 50 6C 65 61 73	title4				BYTE			"Please enter numbers in [-100, -1].",0
	   65 20 65 6E 74
	   65 72 20 6E 75
	   6D 62 65 72 73
	   20 69 6E 20 5B
	   2D 31 30 30 2C
	   20 2D 31 5D 2E
	   00
 0000011E 45 6E 74 65 72	title5				BYTE			"Enter a non-negative number when you are finished to see results.",0
	   20 61 20 6E 6F
	   6E 2D 6E 65 67
	   61 74 69 76 65
	   20 6E 75 6D 62
	   65 72 20 77 68
	   65 6E 20 79 6F
	   75 20 61 72 65
	   20 66 69 6E 69
	   73 68 65 64 20
	   74 6F 20 73 65
	   65 20 72 65 73
	   75 6C 74 73 2E
	   00
 00000160 45 6E 74 65 72	title6				BYTE			"Enter number: ",0
	   20 6E 75 6D 62
	   65 72 3A 20 00
 0000016F 59 6F 75 20 65	title7				BYTE			"You entered ",0
	   6E 74 65 72 65
	   64 20 00
 0000017C 20 76 61 6C 69	title8				BYTE			" valid numbers.",0
	   64 20 6E 75 6D
	   62 65 72 73 2E
	   00
 0000018C 54 68 65 20 73	title9				BYTE			"The sum of your valid numbers is ",0
	   75 6D 20 6F 66
	   20 79 6F 75 72
	   20 76 61 6C 69
	   64 20 6E 75 6D
	   62 65 72 73 20
	   69 73 20 00
 000001AE 54 68 65 20 72	title10				BYTE			"The rounded average is ",0
	   6F 75 6E 64 65
	   64 20 61 76 65
	   72 61 67 65 20
	   69 73 20 00
 000001C6 54 68 61 6E 6B	title11				BYTE			"Thank you for playing Integer Accumulator! It's been a pleasure to meet you, ",0
	   20 79 6F 75 20
	   66 6F 72 20 70
	   6C 61 79 69 6E
	   67 20 49 6E 74
	   65 67 65 72 20
	   41 63 63 75 6D
	   75 6C 61 74 6F
	   72 21 20 49 74
	   27 73 20 62 65
	   65 6E 20 61 20
	   70 6C 65 61 73
	   75 72 65 20 74
	   6F 20 6D 65 65
	   74 20 79 6F 75
	   2C 20 00
 00000214 44 69 73 70 6C	title12				BYTE			"Display the average as a floating-point number ",0
	   61 79 20 74 68
	   65 20 61 76 65
	   72 61 67 65 20
	   61 73 20 61 20
	   66 6C 6F 61 74
	   69 6E 67 2D 70
	   6F 69 6E 74 20
	   6E 75 6D 62 65
	   72 20 00
 00000244  00000064 [		inString			BYTE			MAXSIZE DUP(?)
	    00
	   ]
 000002A8  00000064 [		outString			BYTE			MAXSIZE	DUP(?)
	    00
	   ]

 0000030C 20 00			space				BYTE			" ",0
 0000030E 2E 00			point				BYTE			".",0

 00000000			.code
 00000000			main PROC

				;Display instructions line 1
 00000000  BA 000000AF R		mov edx,OFFSET title1				
 00000005  E8 00000000 E		call WriteString
 0000000A  E8 00000000 E		call Crlf

				;Display instruction extra1
 0000000F  BA 00000024 R		mov edx,OFFSET extra1
 00000014  E8 00000000 E		call WriteString
 00000019  E8 00000000 E		call Crlf

				;Display instruction extra2
 0000001E  BA 0000004E R		mov edx,OFFSET extra2
 00000023  E8 00000000 E		call WriteString
 00000028  E8 00000000 E		call Crlf

				;Display Enter User name line 2
 0000002D  BA 000000DE R		mov edx,OFFSET title2
 00000032  E8 00000000 E		call WriteString
 00000037  BA 00000244 R		mov edx,OFFSET inString
 0000003C  B9 00000064			mov ecx,MAXSIZE
 00000041  E8 00000000 E		call ReadString

				;Display show name of user line 3
 00000046  BA 000000F2 R		mov edx,OFFSET title3
 0000004B  E8 00000000 E		call WriteString
 00000050  BA 00000244 R		mov edx,OFFSET inString
 00000055  E8 00000000 E		call WriteString
 0000005A  E8 00000000 E		call Crlf
 0000005F  E8 00000000 E		call Crlf

				;Display instructions line 4
 00000064  BA 000000FA R		mov edx,OFFSET title4
 00000069  E8 00000000 E		call WriteString
 0000006E  E8 00000000 E		call Crlf

				;Display instructions line 5
 00000073  BA 0000011E R		mov edx,OFFSET title5
 00000078  E8 00000000 E		call WriteString
 0000007D  E8 00000000 E		call Crlf

				;Enter number negative integer
					
 00000082			EnterNumber:
 00000082  A1 00000008 R		mov eax,counter
 00000087  40				inc eax
 00000088  A3 00000008 R		mov counter,eax

				;Display number of line
 0000008D  83 C0 01			add eax,1
 00000090  E8 00000000 E		call WriteDec
 00000095  BA 0000030C R		mov edx,OFFSET space
 0000009A  E8 00000000 E		call WriteString

				;Read number from keyboard
 0000009F  BA 00000160 R		mov edx,OFFSET title6
 000000A4  E8 00000000 E		call WriteString
 000000A9  E8 00000000 E		call ReadInt
 000000AE  A3 00000000 R		mov num,eax

				;Check number is Ranking
 000000B3  A1 00000000 R		mov eax,num
 000000B8  83 F8 FF			cmp eax,UPPER
 000000BB  7F 12			jg Calculate
 000000BD  83 F8 9C			cmp eax,LOWER
 000000C0  72 0D			jb Calculate

				;Sum negative number
 000000C2  03 05 00000004 R		add eax,sum
 000000C8  A3 00000004 R		mov sum,eax
 000000CD  E2 B3			loop EnterNumber

 000000CF			Calculate:
				;Check counter is zero
 000000CF  A1 00000008 R		mov eax,counter
 000000D4  83 F8 00			cmp eax,0
 000000D7  0F 84 00000109		je GoodBye

				;Display Counter line 6
 000000DD  BA 0000016F R		mov edx,OFFSET title7
 000000E2  E8 00000000 E		call WriteString
 000000E7  A1 00000008 R		mov eax,counter
 000000EC  E8 00000000 E		Call WriteDec
 000000F1  BA 0000017C R		mov edx,OFFSET title8
 000000F6  E8 00000000 E		call WriteString
 000000FB  E8 00000000 E		call Crlf

				;Display sum of negative number line 7
 00000100  BA 0000018C R		mov edx,OFFSET title9
 00000105  E8 00000000 E		call WriteString
 0000010A  A1 00000004 R		mov eax,sum
 0000010F  E8 00000000 E		call WriteInt
 00000114  E8 00000000 E		call Crlf

				;Display Average number line 8
 00000119  BA 000001AE R		mov edx,OFFSET title10
 0000011E  E8 00000000 E		call WriteString
 00000123  A1 00000004 R		mov eax,sum
 00000128  8B 1D 00000008 R		mov ebx, counter
 0000012E  99				cdq
 0000012F  F7 FB			idiv ebx
 00000131  A3 0000001C R		mov average,eax
 00000136  E8 00000000 E		call WriteInt
 0000013B  E8 00000000 E		call Crlf


				;Save Remainder with positive value
 00000140  A1 00000004 R		mov eax,sum
 00000145  F7 D8			neg eax
 00000147  8B 1D 00000008 R		mov ebx,counter
 0000014D  99				cdq
 0000014E  F7 FB			idiv ebx

 00000150			CalculatePoint:
 00000150  89 15 00000020 R		mov remainder,edx
 00000156  A1 0000000C R		mov eax,counterpoint
 0000015B  83 C0 01			add eax,1
 0000015E  A3 0000000C R		mov counterpoint,eax
 00000163  83 F8 04			cmp eax,4
 00000166  74 3D			je FloatingPoint

 00000168  A1 00000020 R		mov eax,remainder
 0000016D  6B C0 0A			imul eax,10
 00000170  8B 1D 00000008 R		mov ebx, counter
 00000176  99				cdq
 00000177  F7 FB			idiv ebx
					
 00000179  8B 0D 0000000C R		mov ecx,counterpoint
 0000017F  83 F9 01			cmp ecx,1
 00000182  74 0C			je FirstPoint
 00000184  83 F9 02			cmp ecx,2
 00000187  74 0E			je SecondPoint
 00000189  83 F9 03			cmp ecx,3
 0000018C  74 10			je ThirdPoint
 0000018E  EB C0			jmp Calculatepoint

 00000190			FirstPoint:
 00000190  A3 00000010 R		mov first, eax
 00000195  EB B9			jmp Calculatepoint

 00000197			SecondPoint:
 00000197  A3 00000014 R		mov second,eax
 0000019C  EB B2			jmp Calculatepoint

 0000019E			ThirdPoint:
 0000019E  A3 00000018 R		mov third,eax
 000001A3  EB AB			jmp Calculatepoint
					

 000001A5			FloatingPoint:
 000001A5  BA 00000214 R		mov edx,OFFSET title12
 000001AA  E8 00000000 E		call WriteString
 000001AF  A1 0000001C R		mov eax,average
 000001B4  E8 00000000 E		Call WriteInt
					
 000001B9  BA 0000030E R		mov edx,OFFSET point
 000001BE  E8 00000000 E		call WriteString
 000001C3  A1 00000010 R		mov eax,first
 000001C8  E8 00000000 E		call WriteDec
 000001CD  A1 00000014 R		mov eax,second
 000001D2  E8 00000000 E		call WriteDec
 000001D7  A1 00000018 R		mov eax,third
 000001DC  E8 00000000 E		call WriteDec
 000001E1  E8 00000000 E		call Crlf


				;Display say good bye
 000001E6			GoodBye:
 000001E6  BA 000001C6 R		mov edx,OFFSET	title11
 000001EB  E8 00000000 E		call WriteString
 000001F0  BA 00000244 R		mov edx,OFFSET inString
 000001F5  E8 00000000 E		call WriteString
 000001FA  BA 0000030E R		mov edx,OFFSET point
 000001FF  E8 00000000 E		call WriteString
 00000204  E8 00000000 E		call Crlf
					exit;
 00000209  6A 00	   *	    push   +000000000h
 0000020B  E8 00000000 E   *	    call   ExitProcess


 00000210			main ENDP
				END main
Microsoft (R) Macro Assembler Version 14.10.25019.0	    05/07/17 01:59:12
"Assignment 3     (assignment3.asm			     Symbols 2 - 1




Structures and Unions:

                N a m e                  Size
                                         Offset      Type

CONSOLE_CURSOR_INFO  . . . . . .	 00000008
  dwSize . . . . . . . . . . . .	 00000000	 DWord
  bVisible . . . . . . . . . . .	 00000004	 DWord
CONSOLE_SCREEN_BUFFER_INFO . . .	 00000016
  dwSize . . . . . . . . . . . .	 00000000	 DWord
  dwCursorPosition . . . . . . .	 00000004	 DWord
  wAttributes  . . . . . . . . .	 00000008	 Word
  srWindow . . . . . . . . . . .	 0000000A	 QWord
  dwMaximumWindowSize  . . . . .	 00000012	 DWord
COORD  . . . . . . . . . . . . .	 00000004
  X  . . . . . . . . . . . . . .	 00000000	 Word
  Y  . . . . . . . . . . . . . .	 00000002	 Word
FILETIME . . . . . . . . . . . .	 00000008
  loDateTime . . . . . . . . . .	 00000000	 DWord
  hiDateTime . . . . . . . . . .	 00000004	 DWord
FOCUS_EVENT_RECORD . . . . . . .	 00000004
  bSetFocus  . . . . . . . . . .	 00000000	 DWord
FPU_ENVIRON  . . . . . . . . . .	 0000001C
  controlWord  . . . . . . . . .	 00000000	 Word
  statusWord . . . . . . . . . .	 00000004	 Word
  tagWord  . . . . . . . . . . .	 00000008	 Word
  instrPointerOffset . . . . . .	 0000000C	 DWord
  instrPointerSelector . . . . .	 00000010	 DWord
  operandPointerOffset . . . . .	 00000014	 DWord
  operandPointerSelector . . . .	 00000018	 Word
INPUT_RECORD . . . . . . . . . .	 00000014
  EventType  . . . . . . . . . .	 00000000	 Word
  Event  . . . . . . . . . . . .	 00000004	 XmmWord
  bKeyDown . . . . . . . . . . .	 00000000	 DWord
  wRepeatCount . . . . . . . . .	 00000004	 Word
  wVirtualKeyCode  . . . . . . .	 00000006	 Word
  wVirtualScanCode . . . . . . .	 00000008	 Word
  uChar  . . . . . . . . . . . .	 0000000A	 Word
  UnicodeChar  . . . . . . . . .	 00000000	 Word
  AsciiChar  . . . . . . . . . .	 00000000	 Byte
  dwControlKeyState  . . . . . .	 0000000C	 DWord
  dwMousePosition  . . . . . . .	 00000000	 DWord
  dwButtonState  . . . . . . . .	 00000004	 DWord
  dwMouseControlKeyState . . . .	 00000008	 DWord
  dwEventFlags . . . . . . . . .	 0000000C	 DWord
  dwSize . . . . . . . . . . . .	 00000000	 DWord
  dwCommandId  . . . . . . . . .	 00000000	 DWord
  bSetFocus  . . . . . . . . . .	 00000000	 DWord
KEY_EVENT_RECORD . . . . . . . .	 00000010
  bKeyDown . . . . . . . . . . .	 00000000	 DWord
  wRepeatCount . . . . . . . . .	 00000004	 Word
  wVirtualKeyCode  . . . . . . .	 00000006	 Word
  wVirtualScanCode . . . . . . .	 00000008	 Word
  uChar  . . . . . . . . . . . .	 0000000A	 Word
  UnicodeChar  . . . . . . . . .	 00000000	 Word
  AsciiChar  . . . . . . . . . .	 00000000	 Byte
  dwControlKeyState  . . . . . .	 0000000C	 DWord
MENU_EVENT_RECORD  . . . . . . .	 00000004
  dwCommandId  . . . . . . . . .	 00000000	 DWord
MOUSE_EVENT_RECORD . . . . . . .	 00000010
  dwMousePosition  . . . . . . .	 00000000	 DWord
  dwButtonState  . . . . . . . .	 00000004	 DWord
  dwMouseControlKeyState . . . .	 00000008	 DWord
  dwEventFlags . . . . . . . . .	 0000000C	 DWord
SMALL_RECT . . . . . . . . . . .	 00000008
  Left . . . . . . . . . . . . .	 00000000	 Word
  Top  . . . . . . . . . . . . .	 00000002	 Word
  Right  . . . . . . . . . . . .	 00000004	 Word
  Bottom . . . . . . . . . . . .	 00000006	 Word
SYSTEMTIME . . . . . . . . . . .	 00000010
  wYear  . . . . . . . . . . . .	 00000000	 Word
  wMonth . . . . . . . . . . . .	 00000002	 Word
  wDayOfWeek . . . . . . . . . .	 00000004	 Word
  wDay . . . . . . . . . . . . .	 00000006	 Word
  wHour  . . . . . . . . . . . .	 00000008	 Word
  wMinute  . . . . . . . . . . .	 0000000A	 Word
  wSecond  . . . . . . . . . . .	 0000000C	 Word
  wMilliseconds  . . . . . . . .	 0000000E	 Word
WINDOW_BUFFER_SIZE_RECORD  . . .	 00000004
  dwSize . . . . . . . . . . . .	 00000000	 DWord


Segments and Groups:

                N a m e                 Size     Length   Align   Combine Class

FLAT . . . . . . . . . . . . . .	GROUP
STACK  . . . . . . . . . . . . .	32 Bit	 00001000 Para	  Stack	  'STACK'	 
_DATA  . . . . . . . . . . . . .	32 Bit	 00000310 Para	  Public  'DATA'	
_TEXT  . . . . . . . . . . . . .	32 Bit	 00000210 Para	  Public  'CODE'	


Procedures, parameters, and locals:

                N a m e                 Type     Value    Attr

CloseFile  . . . . . . . . . . .	P Near	 00000000 FLAT	Length= 00000000 External STDCALL
CloseHandle  . . . . . . . . . .	P Near	 00000000 FLAT	Length= 00000000 External STDCALL
Clrscr . . . . . . . . . . . . .	P Near	 00000000 FLAT	Length= 00000000 External STDCALL
CreateFileA  . . . . . . . . . .	P Near	 00000000 FLAT	Length= 00000000 External STDCALL
CreateOutputFile . . . . . . . .	P Near	 00000000 FLAT	Length= 00000000 External STDCALL
Crlf . . . . . . . . . . . . . .	P Near	 00000000 FLAT	Length= 00000000 External STDCALL
Delay  . . . . . . . . . . . . .	P Near	 00000000 FLAT	Length= 00000000 External STDCALL
DumpMem  . . . . . . . . . . . .	P Near	 00000000 FLAT	Length= 00000000 External STDCALL
DumpRegs . . . . . . . . . . . .	P Near	 00000000 FLAT	Length= 00000000 External STDCALL
ExitProcess  . . . . . . . . . .	P Near	 00000000 FLAT	Length= 00000000 External STDCALL
FileTimeToDosDateTime  . . . . .	P Near	 00000000 FLAT	Length= 00000000 External STDCALL
FileTimeToSystemTime . . . . . .	P Near	 00000000 FLAT	Length= 00000000 External STDCALL
FlushConsoleInputBuffer  . . . .	P Near	 00000000 FLAT	Length= 00000000 External STDCALL
FormatMessageA . . . . . . . . .	P Near	 00000000 FLAT	Length= 00000000 External STDCALL
GetCommandLineA  . . . . . . . .	P Near	 00000000 FLAT	Length= 00000000 External STDCALL
GetCommandTail . . . . . . . . .	P Near	 00000000 FLAT	Length= 00000000 External STDCALL
GetConsoleCP . . . . . . . . . .	P Near	 00000000 FLAT	Length= 00000000 External STDCALL
GetConsoleCursorInfo . . . . . .	P Near	 00000000 FLAT	Length= 00000000 External STDCALL
GetConsoleMode . . . . . . . . .	P Near	 00000000 FLAT	Length= 00000000 External STDCALL
GetConsoleScreenBufferInfo . . .	P Near	 00000000 FLAT	Length= 00000000 External STDCALL
GetDateTime  . . . . . . . . . .	P Near	 00000000 FLAT	Length= 00000000 External STDCALL
GetFileTime  . . . . . . . . . .	P Near	 00000000 FLAT	Length= 00000000 External STDCALL
GetKeyState  . . . . . . . . . .	P Near	 00000000 FLAT	Length= 00000000 External STDCALL
GetLastError . . . . . . . . . .	P Near	 00000000 FLAT	Length= 00000000 External STDCALL
GetLocalTime . . . . . . . . . .	P Near	 00000000 FLAT	Length= 00000000 External STDCALL
GetMaxXY . . . . . . . . . . . .	P Near	 00000000 FLAT	Length= 00000000 External STDCALL
GetMseconds  . . . . . . . . . .	P Near	 00000000 FLAT	Length= 00000000 External STDCALL
GetNumberOfConsoleInputEvents  .	P Near	 00000000 FLAT	Length= 00000000 External STDCALL
GetProcessHeap . . . . . . . . .	P Near	 00000000 FLAT	Length= 00000000 External STDCALL
GetStdHandle . . . . . . . . . .	P Near	 00000000 FLAT	Length= 00000000 External STDCALL
GetSystemTime  . . . . . . . . .	P Near	 00000000 FLAT	Length= 00000000 External STDCALL
GetTextColor . . . . . . . . . .	P Near	 00000000 FLAT	Length= 00000000 External STDCALL
GetTickCount . . . . . . . . . .	P Near	 00000000 FLAT	Length= 00000000 External STDCALL
Gotoxy . . . . . . . . . . . . .	P Near	 00000000 FLAT	Length= 00000000 External STDCALL
HeapAlloc  . . . . . . . . . . .	P Near	 00000000 FLAT	Length= 00000000 External STDCALL
HeapCreate . . . . . . . . . . .	P Near	 00000000 FLAT	Length= 00000000 External STDCALL
HeapDestroy  . . . . . . . . . .	P Near	 00000000 FLAT	Length= 00000000 External STDCALL
HeapFree . . . . . . . . . . . .	P Near	 00000000 FLAT	Length= 00000000 External STDCALL
HeapSize . . . . . . . . . . . .	P Near	 00000000 FLAT	Length= 00000000 External STDCALL
IsDigit  . . . . . . . . . . . .	P Near	 00000000 FLAT	Length= 00000000 External STDCALL
LocalFree  . . . . . . . . . . .	P Near	 00000000 FLAT	Length= 00000000 External STDCALL
MessageBoxA  . . . . . . . . . .	P Near	 00000000 FLAT	Length= 00000000 External STDCALL
MsgBoxAsk  . . . . . . . . . . .	P Near	 00000000 FLAT	Length= 00000000 External STDCALL
MsgBox . . . . . . . . . . . . .	P Near	 00000000 FLAT	Length= 00000000 External STDCALL
OpenInputFile  . . . . . . . . .	P Near	 00000000 FLAT	Length= 00000000 External STDCALL
ParseDecimal32 . . . . . . . . .	P Near	 00000000 FLAT	Length= 00000000 External STDCALL
ParseInteger32 . . . . . . . . .	P Near	 00000000 FLAT	Length= 00000000 External STDCALL
PeekConsoleInputA  . . . . . . .	P Near	 00000000 FLAT	Length= 00000000 External STDCALL
Random32 . . . . . . . . . . . .	P Near	 00000000 FLAT	Length= 00000000 External STDCALL
RandomRange  . . . . . . . . . .	P Near	 00000000 FLAT	Length= 00000000 External STDCALL
Randomize  . . . . . . . . . . .	P Near	 00000000 FLAT	Length= 00000000 External STDCALL
ReadChar . . . . . . . . . . . .	P Near	 00000000 FLAT	Length= 00000000 External STDCALL
ReadConsoleA . . . . . . . . . .	P Near	 00000000 FLAT	Length= 00000000 External STDCALL
ReadConsoleInputA  . . . . . . .	P Near	 00000000 FLAT	Length= 00000000 External STDCALL
ReadDec  . . . . . . . . . . . .	P Near	 00000000 FLAT	Length= 00000000 External STDCALL
ReadFile . . . . . . . . . . . .	P Near	 00000000 FLAT	Length= 00000000 External STDCALL
ReadFloat  . . . . . . . . . . .	P Near	 00000000 FLAT	Length= 00000000 External STDCALL
ReadFromFile . . . . . . . . . .	P Near	 00000000 FLAT	Length= 00000000 External STDCALL
ReadHex  . . . . . . . . . . . .	P Near	 00000000 FLAT	Length= 00000000 External STDCALL
ReadInt  . . . . . . . . . . . .	P Near	 00000000 FLAT	Length= 00000000 External STDCALL
ReadKeyFlush . . . . . . . . . .	P Near	 00000000 FLAT	Length= 00000000 External STDCALL
ReadKey  . . . . . . . . . . . .	P Near	 00000000 FLAT	Length= 00000000 External STDCALL
ReadString . . . . . . . . . . .	P Near	 00000000 FLAT	Length= 00000000 External STDCALL
SetConsoleCursorInfo . . . . . .	P Near	 00000000 FLAT	Length= 00000000 External STDCALL
SetConsoleCursorPosition . . . .	P Near	 00000000 FLAT	Length= 00000000 External STDCALL
SetConsoleMode . . . . . . . . .	P Near	 00000000 FLAT	Length= 00000000 External STDCALL
SetConsoleScreenBufferSize . . .	P Near	 00000000 FLAT	Length= 00000000 External STDCALL
SetConsoleTextAttribute  . . . .	P Near	 00000000 FLAT	Length= 00000000 External STDCALL
SetConsoleTitleA . . . . . . . .	P Near	 00000000 FLAT	Length= 00000000 External STDCALL
SetConsoleWindowInfo . . . . . .	P Near	 00000000 FLAT	Length= 00000000 External STDCALL
SetFilePointer . . . . . . . . .	P Near	 00000000 FLAT	Length= 00000000 External STDCALL
SetLocalTime . . . . . . . . . .	P Near	 00000000 FLAT	Length= 00000000 External STDCALL
SetTextColor . . . . . . . . . .	P Near	 00000000 FLAT	Length= 00000000 External STDCALL
ShowFPUStack . . . . . . . . . .	P Near	 00000000 FLAT	Length= 00000000 External STDCALL
Sleep  . . . . . . . . . . . . .	P Near	 00000000 FLAT	Length= 00000000 External STDCALL
StrLength  . . . . . . . . . . .	P Near	 00000000 FLAT	Length= 00000000 External STDCALL
Str_compare  . . . . . . . . . .	P Near	 00000000 FLAT	Length= 00000000 External STDCALL
Str_copy . . . . . . . . . . . .	P Near	 00000000 FLAT	Length= 00000000 External STDCALL
Str_length . . . . . . . . . . .	P Near	 00000000 FLAT	Length= 00000000 External STDCALL
Str_trim . . . . . . . . . . . .	P Near	 00000000 FLAT	Length= 00000000 External STDCALL
Str_ucase  . . . . . . . . . . .	P Near	 00000000 FLAT	Length= 00000000 External STDCALL
SystemTimeToFileTime . . . . . .	P Near	 00000000 FLAT	Length= 00000000 External STDCALL
WaitMsg  . . . . . . . . . . . .	P Near	 00000000 FLAT	Length= 00000000 External STDCALL
WriteBinB  . . . . . . . . . . .	P Near	 00000000 FLAT	Length= 00000000 External STDCALL
WriteBin . . . . . . . . . . . .	P Near	 00000000 FLAT	Length= 00000000 External STDCALL
WriteChar  . . . . . . . . . . .	P Near	 00000000 FLAT	Length= 00000000 External STDCALL
WriteConsoleA  . . . . . . . . .	P Near	 00000000 FLAT	Length= 00000000 External STDCALL
WriteConsoleOutputAttribute  . .	P Near	 00000000 FLAT	Length= 00000000 External STDCALL
WriteConsoleOutputCharacterA . .	P Near	 00000000 FLAT	Length= 00000000 External STDCALL
WriteDec . . . . . . . . . . . .	P Near	 00000000 FLAT	Length= 00000000 External STDCALL
WriteFile  . . . . . . . . . . .	P Near	 00000000 FLAT	Length= 00000000 External STDCALL
WriteFloat . . . . . . . . . . .	P Near	 00000000 FLAT	Length= 00000000 External STDCALL
WriteHexB  . . . . . . . . . . .	P Near	 00000000 FLAT	Length= 00000000 External STDCALL
WriteHex . . . . . . . . . . . .	P Near	 00000000 FLAT	Length= 00000000 External STDCALL
WriteInt . . . . . . . . . . . .	P Near	 00000000 FLAT	Length= 00000000 External STDCALL
WriteStackFrameName  . . . . . .	P Near	 00000000 FLAT	Length= 00000000 External STDCALL
WriteStackFrame  . . . . . . . .	P Near	 00000000 FLAT	Length= 00000000 External STDCALL
WriteString  . . . . . . . . . .	P Near	 00000000 FLAT	Length= 00000000 External STDCALL
WriteToFile  . . . . . . . . . .	P Near	 00000000 FLAT	Length= 00000000 External STDCALL
WriteWindowsMsg  . . . . . . . .	P Near	 00000000 FLAT	Length= 00000000 External STDCALL
main . . . . . . . . . . . . . .	P Near	 00000000 _TEXT	Length= 00000210 Public STDCALL
  EnterNumber  . . . . . . . . .	L Near	 00000082 _TEXT	
  Calculate  . . . . . . . . . .	L Near	 000000CF _TEXT	
  CalculatePoint . . . . . . . .	L Near	 00000150 _TEXT	
  FirstPoint . . . . . . . . . .	L Near	 00000190 _TEXT	
  SecondPoint  . . . . . . . . .	L Near	 00000197 _TEXT	
  ThirdPoint . . . . . . . . . .	L Near	 0000019E _TEXT	
  FloatingPoint  . . . . . . . .	L Near	 000001A5 _TEXT	
  GoodBye  . . . . . . . . . . .	L Near	 000001E6 _TEXT	
printf . . . . . . . . . . . . .	P Near	 00000000 FLAT	Length= 00000000 External C
scanf  . . . . . . . . . . . . .	P Near	 00000000 FLAT	Length= 00000000 External C
wsprintfA  . . . . . . . . . . .	P Near	 00000000 FLAT	Length= 00000000 External C


Symbols:

                N a m e                 Type     Value    Attr

@CodeSize  . . . . . . . . . . .	Number	 00000000h   
@DataSize  . . . . . . . . . . .	Number	 00000000h   
@Interface . . . . . . . . . . .	Number	 00000003h   
@Model . . . . . . . . . . . . .	Number	 00000007h   
@code  . . . . . . . . . . . . .	Text   	 _TEXT
@data  . . . . . . . . . . . . .	Text   	 FLAT
@fardata?  . . . . . . . . . . .	Text   	 FLAT
@fardata . . . . . . . . . . . .	Text   	 FLAT
@stack . . . . . . . . . . . . .	Text   	 FLAT
ALT_MASK . . . . . . . . . . . .	Number	 00000003h   
CAPSLOCK_ON  . . . . . . . . . .	Number	 00000080h   
CREATE_ALWAYS  . . . . . . . . .	Number	 00000002h   
CREATE_NEW . . . . . . . . . . .	Number	 00000001h   
CTRL_MASK  . . . . . . . . . . .	Number	 0000000Ch   
CreateFile . . . . . . . . . . .	Text   	 CreateFileA
DO_NOT_SHARE . . . . . . . . . .	Number	 00000000h   
ENABLE_ECHO_INPUT  . . . . . . .	Number	 00000004h   
ENABLE_LINE_INPUT  . . . . . . .	Number	 00000002h   
ENABLE_MOUSE_INPUT . . . . . . .	Number	 00000010h   
ENABLE_PROCESSED_INPUT . . . . .	Number	 00000001h   
ENABLE_PROCESSED_OUTPUT  . . . .	Number	 00000001h   
ENABLE_WINDOW_INPUT  . . . . . .	Number	 00000008h   
ENABLE_WRAP_AT_EOL_OUTPUT  . . .	Number	 00000002h   
ENHANCED_KEY . . . . . . . . . .	Number	 00000100h   
FALSE  . . . . . . . . . . . . .	Number	 00000000h   
FILE_APPEND_DATA . . . . . . . .	Number	 00000004h   
FILE_ATTRIBUTE_ARCHIVE . . . . .	Number	 00000020h   
FILE_ATTRIBUTE_COMPRESSED  . . .	Number	 00000800h   
FILE_ATTRIBUTE_DEVICE  . . . . .	Number	 00000040h   
FILE_ATTRIBUTE_DIRECTORY . . . .	Number	 00000010h   
FILE_ATTRIBUTE_ENCRYPTED . . . .	Number	 00004000h   
FILE_ATTRIBUTE_HIDDEN  . . . . .	Number	 00000002h   
FILE_ATTRIBUTE_NORMAL  . . . . .	Number	 00000080h   
FILE_ATTRIBUTE_NOT_CONTENT_INDEXED .	Number	 00002000h   
FILE_ATTRIBUTE_OFFLINE . . . . .	Number	 00001000h   
FILE_ATTRIBUTE_READONLY  . . . .	Number	 00000001h   
FILE_ATTRIBUTE_REPARSE_POINT . .	Number	 00000400h   
FILE_ATTRIBUTE_SPARSE_FILE . . .	Number	 00000200h   
FILE_ATTRIBUTE_SYSTEM  . . . . .	Number	 00000004h   
FILE_ATTRIBUTE_TEMPORARY . . . .	Number	 00000100h   
FILE_BEGIN . . . . . . . . . . .	Number	 00000000h   
FILE_CURRENT . . . . . . . . . .	Number	 00000001h   
FILE_DELETE_CHILD  . . . . . . .	Number	 00000040h   
FILE_END . . . . . . . . . . . .	Number	 00000002h   
FILE_READ_DATA . . . . . . . . .	Number	 00000001h   
FILE_SHARE_DELETE  . . . . . . .	Number	 00000004h   
FILE_SHARE_READ  . . . . . . . .	Number	 00000001h   
FILE_SHARE_WRITE . . . . . . . .	Number	 00000002h   
FILE_WRITE_DATA  . . . . . . . .	Number	 00000002h   
FOCUS_EVENT  . . . . . . . . . .	Number	 00000010h   
FORMAT_MESSAGE_ALLOCATE_BUFFER .	Number	 00000100h   
FORMAT_MESSAGE_FROM_SYSTEM . . .	Number	 00001000h   
FormatMessage  . . . . . . . . .	Text   	 FormatMessageA
GENERIC_ALL  . . . . . . . . . .	Number	 10000000h   
GENERIC_EXECUTE  . . . . . . . .	Number	 20000000h   
GENERIC_READ . . . . . . . . . .	Number	 -80000000h   
GENERIC_WRITE  . . . . . . . . .	Number	 40000000h   
GetCommandLine . . . . . . . . .	Text   	 GetCommandLineA
HANDLE . . . . . . . . . . . . .	Text   	 DWORD
HEAP_GENERATE_EXCEPTIONS . . . .	Number	 00000004h   
HEAP_GROWABLE  . . . . . . . . .	Number	 00000002h   
HEAP_NO_SERIALIZE  . . . . . . .	Number	 00000001h   
HEAP_REALLOC_IN_PLACE_ONLY . . .	Number	 00000010h   
HEAP_ZERO_MEMORY . . . . . . . .	Number	 00000008h   
IDABORT  . . . . . . . . . . . .	Number	 00000003h   
IDCANCEL . . . . . . . . . . . .	Number	 00000002h   
IDCLOSE  . . . . . . . . . . . .	Number	 00000008h   
IDCONTINUE . . . . . . . . . . .	Number	 0000000Bh   
IDHELP . . . . . . . . . . . . .	Number	 00000009h   
IDIGNORE . . . . . . . . . . . .	Number	 00000005h   
IDNO . . . . . . . . . . . . . .	Number	 00000007h   
IDOK . . . . . . . . . . . . . .	Number	 00000001h   
IDRETRY  . . . . . . . . . . . .	Number	 00000004h   
IDTIMEOUT  . . . . . . . . . . .	Number	 00007D00h   
IDTRYAGAIN . . . . . . . . . . .	Number	 0000000Ah   
IDYES  . . . . . . . . . . . . .	Number	 00000006h   
INVALID_HANDLE_VALUE . . . . . .	Number	 -00000001h   
KBDOWN_FLAG  . . . . . . . . . .	Number	 00000001h   
KEY_EVENT  . . . . . . . . . . .	Number	 00000001h   
KEY_MASKS  . . . . . . . . . . .	Number	 0000001Fh   
LEFT_ALT_PRESSED . . . . . . . .	Number	 00000002h   
LEFT_CTRL_PRESSED  . . . . . . .	Number	 00000008h   
LOWER  . . . . . . . . . . . . .	Number	 -00000064h   
MAXSIZE  . . . . . . . . . . . .	Number	 00000064h   
MB_ABORTRETRYIGNORE  . . . . . .	Number	 00000002h   
MB_APPLMODAL . . . . . . . . . .	Number	 00000000h   
MB_CANCELTRYCONTINUE . . . . . .	Number	 00000006h   
MB_DEFBUTTON1  . . . . . . . . .	Number	 00000000h   
MB_DEFBUTTON2  . . . . . . . . .	Number	 00000100h   
MB_DEFBUTTON3  . . . . . . . . .	Number	 00000200h   
MB_DEFBUTTON4  . . . . . . . . .	Number	 00000300h   
MB_HELP  . . . . . . . . . . . .	Number	 00004000h   
MB_ICONASTERISK  . . . . . . . .	Number	 00000040h   
MB_ICONERROR . . . . . . . . . .	Number	 00000010h   
MB_ICONEXCLAMATION . . . . . . .	Number	 00000030h   
MB_ICONHAND  . . . . . . . . . .	Number	 00000010h   
MB_ICONINFORMATION . . . . . . .	Number	 00000040h   
MB_ICONQUESTION  . . . . . . . .	Number	 00000020h   
MB_ICONSTOP  . . . . . . . . . .	Number	 00000010h   
MB_ICONWARNING . . . . . . . . .	Number	 00000030h   
MB_OKCANCEL  . . . . . . . . . .	Number	 00000001h   
MB_OK  . . . . . . . . . . . . .	Number	 00000000h   
MB_RETRYCANCEL . . . . . . . . .	Number	 00000005h   
MB_SYSTEMMODAL . . . . . . . . .	Number	 00001000h   
MB_TASKMODAL . . . . . . . . . .	Number	 00002000h   
MB_USERICON  . . . . . . . . . .	Number	 00000080h   
MB_YESNOCANCEL . . . . . . . . .	Number	 00000003h   
MB_YESNO . . . . . . . . . . . .	Number	 00000004h   
MENU_EVENT . . . . . . . . . . .	Number	 00000008h   
MOUSE_EVENT  . . . . . . . . . .	Number	 00000002h   
MessageBox . . . . . . . . . . .	Text   	 MessageBoxA
NULL . . . . . . . . . . . . . .	Number	 00000000h   
NUMLOCK_ON . . . . . . . . . . .	Number	 00000020h   
OPEN_ALWAYS  . . . . . . . . . .	Number	 00000004h   
OPEN_EXISTING  . . . . . . . . .	Number	 00000003h   
PeekConsoleInput . . . . . . . .	Text   	 PeekConsoleInputA
RIGHT_ALT_PRESSED  . . . . . . .	Number	 00000001h   
RIGHT_CTRL_PRESSED . . . . . . .	Number	 00000004h   
ReadConsoleInput . . . . . . . .	Text   	 ReadConsoleInputA
ReadConsole  . . . . . . . . . .	Text   	 ReadConsoleA
SCROLLLOCK_ON  . . . . . . . . .	Number	 00000040h   
SHIFT_MASK . . . . . . . . . . .	Number	 00000010h   
SHIFT_PRESSED  . . . . . . . . .	Number	 00000010h   
STD_ERROR_HANDLE . . . . . . . .	Number	 -0000000Ch   
STD_INPUT_HANDLE . . . . . . . .	Number	 -0000000Ah   
STD_OUTPUT_HANDLE  . . . . . . .	Number	 -0000000Bh   
SetConsoleTitle  . . . . . . . .	Text   	 SetConsoleTitleA
TAB  . . . . . . . . . . . . . .	Number	 00000009h   
TRUE . . . . . . . . . . . . . .	Number	 00000001h   
TRUNCATE_EXISTING  . . . . . . .	Number	 00000005h   
UPPER  . . . . . . . . . . . . .	Number	 -00000001h   
VK_11  . . . . . . . . . . . . .	Number	 000000BDh   
VK_12  . . . . . . . . . . . . .	Number	 000000BBh   
VK_ADD . . . . . . . . . . . . .	Number	 0000006Bh   
VK_BACK  . . . . . . . . . . . .	Number	 00000008h   
VK_CANCEL  . . . . . . . . . . .	Number	 00000003h   
VK_CAPITAL . . . . . . . . . . .	Number	 00000014h   
VK_CLEAR . . . . . . . . . . . .	Number	 0000000Ch   
VK_CONTROL . . . . . . . . . . .	Number	 00000011h   
VK_DECIMAL . . . . . . . . . . .	Number	 0000006Eh   
VK_DELETE  . . . . . . . . . . .	Number	 0000002Eh   
VK_DIVIDE  . . . . . . . . . . .	Number	 0000006Fh   
VK_DOWN  . . . . . . . . . . . .	Number	 00000028h   
VK_END . . . . . . . . . . . . .	Number	 00000023h   
VK_ESCAPE  . . . . . . . . . . .	Number	 0000001Bh   
VK_EXECUTE . . . . . . . . . . .	Number	 0000002Bh   
VK_F10 . . . . . . . . . . . . .	Number	 00000079h   
VK_F11 . . . . . . . . . . . . .	Number	 0000007Ah   
VK_F12 . . . . . . . . . . . . .	Number	 0000007Bh   
VK_F13 . . . . . . . . . . . . .	Number	 0000007Ch   
VK_F14 . . . . . . . . . . . . .	Number	 0000007Dh   
VK_F15 . . . . . . . . . . . . .	Number	 0000007Eh   
VK_F16 . . . . . . . . . . . . .	Number	 0000007Fh   
VK_F17 . . . . . . . . . . . . .	Number	 00000080h   
VK_F18 . . . . . . . . . . . . .	Number	 00000081h   
VK_F19 . . . . . . . . . . . . .	Number	 00000082h   
VK_F1  . . . . . . . . . . . . .	Number	 00000070h   
VK_F20 . . . . . . . . . . . . .	Number	 00000083h   
VK_F21 . . . . . . . . . . . . .	Number	 00000084h   
VK_F22 . . . . . . . . . . . . .	Number	 00000085h   
VK_F23 . . . . . . . . . . . . .	Number	 00000086h   
VK_F24 . . . . . . . . . . . . .	Number	 00000087h   
VK_F2  . . . . . . . . . . . . .	Number	 00000071h   
VK_F3  . . . . . . . . . . . . .	Number	 00000072h   
VK_F4  . . . . . . . . . . . . .	Number	 00000073h   
VK_F5  . . . . . . . . . . . . .	Number	 00000074h   
VK_F6  . . . . . . . . . . . . .	Number	 00000075h   
VK_F7  . . . . . . . . . . . . .	Number	 00000076h   
VK_F8  . . . . . . . . . . . . .	Number	 00000077h   
VK_F9  . . . . . . . . . . . . .	Number	 00000078h   
VK_HELP  . . . . . . . . . . . .	Number	 0000002Fh   
VK_HOME  . . . . . . . . . . . .	Number	 00000024h   
VK_INSERT  . . . . . . . . . . .	Number	 0000002Dh   
VK_LBUTTON . . . . . . . . . . .	Number	 00000001h   
VK_LCONTROL  . . . . . . . . . .	Number	 000000A2h   
VK_LEFT  . . . . . . . . . . . .	Number	 00000025h   
VK_LMENU . . . . . . . . . . . .	Number	 000000A4h   
VK_LSHIFT  . . . . . . . . . . .	Number	 000000A0h   
VK_MENU  . . . . . . . . . . . .	Number	 00000012h   
VK_MULTIPLY  . . . . . . . . . .	Number	 0000006Ah   
VK_NEXT  . . . . . . . . . . . .	Number	 00000022h   
VK_NUMLOCK . . . . . . . . . . .	Number	 00000090h   
VK_NUMPAD0 . . . . . . . . . . .	Number	 00000060h   
VK_NUMPAD1 . . . . . . . . . . .	Number	 00000061h   
VK_NUMPAD2 . . . . . . . . . . .	Number	 00000062h   
VK_NUMPAD3 . . . . . . . . . . .	Number	 00000063h   
VK_NUMPAD4 . . . . . . . . . . .	Number	 00000064h   
VK_NUMPAD5 . . . . . . . . . . .	Number	 00000065h   
VK_NUMPAD6 . . . . . . . . . . .	Number	 00000066h   
VK_NUMPAD7 . . . . . . . . . . .	Number	 00000067h   
VK_NUMPAD8 . . . . . . . . . . .	Number	 00000068h   
VK_NUMPAD9 . . . . . . . . . . .	Number	 00000069h   
VK_PAUSE . . . . . . . . . . . .	Number	 00000013h   
VK_PRINT . . . . . . . . . . . .	Number	 0000002Ah   
VK_PRIOR . . . . . . . . . . . .	Number	 00000021h   
VK_RBUTTON . . . . . . . . . . .	Number	 00000002h   
VK_RCONTROL  . . . . . . . . . .	Number	 000000A3h   
VK_RETURN  . . . . . . . . . . .	Number	 0000000Dh   
VK_RIGHT . . . . . . . . . . . .	Number	 00000027h   
VK_RMENU . . . . . . . . . . . .	Number	 000000A5h   
VK_RSHIFT  . . . . . . . . . . .	Number	 000000A1h   
VK_SCROLL  . . . . . . . . . . .	Number	 00000091h   
VK_SEPARATER . . . . . . . . . .	Number	 0000006Ch   
VK_SHIFT . . . . . . . . . . . .	Number	 00000010h   
VK_SNAPSHOT  . . . . . . . . . .	Number	 0000002Ch   
VK_SPACE . . . . . . . . . . . .	Number	 00000020h   
VK_SUBTRACT  . . . . . . . . . .	Number	 0000006Dh   
VK_TAB . . . . . . . . . . . . .	Number	 00000009h   
VK_UP  . . . . . . . . . . . . .	Number	 00000026h   
WINDOW_BUFFER_SIZE_EVENT . . . .	Number	 00000004h   
WriteConsoleOutputCharacter  . .	Text   	 WriteConsoleOutputCharacterA
WriteConsole . . . . . . . . . .	Text   	 WriteConsoleA
average  . . . . . . . . . . . .	DWord	 0000001C _DATA	
black  . . . . . . . . . . . . .	Number	 00000000h   
blue . . . . . . . . . . . . . .	Number	 00000001h   
brown  . . . . . . . . . . . . .	Number	 00000006h   
counterpoint . . . . . . . . . .	DWord	 0000000C _DATA	
counter  . . . . . . . . . . . .	DWord	 00000008 _DATA	
cyan . . . . . . . . . . . . . .	Number	 00000003h   
exit . . . . . . . . . . . . . .	Text   	 INVOKE ExitProcess,0
extra1 . . . . . . . . . . . . .	Byte	 00000024 _DATA	
extra2 . . . . . . . . . . . . .	Byte	 0000004E _DATA	
first  . . . . . . . . . . . . .	DWord	 00000010 _DATA	
gray . . . . . . . . . . . . . .	Number	 00000008h   
green  . . . . . . . . . . . . .	Number	 00000002h   
inString . . . . . . . . . . . .	Byte	 00000244 _DATA	
lightBlue  . . . . . . . . . . .	Number	 00000009h   
lightCyan  . . . . . . . . . . .	Number	 0000000Bh   
lightGray  . . . . . . . . . . .	Number	 00000007h   
lightGreen . . . . . . . . . . .	Number	 0000000Ah   
lightMagenta . . . . . . . . . .	Number	 0000000Dh   
lightRed . . . . . . . . . . . .	Number	 0000000Ch   
magenta  . . . . . . . . . . . .	Number	 00000005h   
num  . . . . . . . . . . . . . .	DWord	 00000000 _DATA	
outString  . . . . . . . . . . .	Byte	 000002A8 _DATA	
point  . . . . . . . . . . . . .	Byte	 0000030E _DATA	
red  . . . . . . . . . . . . . .	Number	 00000004h   
remainder  . . . . . . . . . . .	DWord	 00000020 _DATA	
second . . . . . . . . . . . . .	DWord	 00000014 _DATA	
space  . . . . . . . . . . . . .	Byte	 0000030C _DATA	
sum  . . . . . . . . . . . . . .	DWord	 00000004 _DATA	
third  . . . . . . . . . . . . .	DWord	 00000018 _DATA	
title10  . . . . . . . . . . . .	Byte	 000001AE _DATA	
title11  . . . . . . . . . . . .	Byte	 000001C6 _DATA	
title12  . . . . . . . . . . . .	Byte	 00000214 _DATA	
title1 . . . . . . . . . . . . .	Byte	 000000AF _DATA	
title2 . . . . . . . . . . . . .	Byte	 000000DE _DATA	
title3 . . . . . . . . . . . . .	Byte	 000000F2 _DATA	
title4 . . . . . . . . . . . . .	Byte	 000000FA _DATA	
title5 . . . . . . . . . . . . .	Byte	 0000011E _DATA	
title6 . . . . . . . . . . . . .	Byte	 00000160 _DATA	
title7 . . . . . . . . . . . . .	Byte	 0000016F _DATA	
title8 . . . . . . . . . . . . .	Byte	 0000017C _DATA	
title9 . . . . . . . . . . . . .	Byte	 0000018C _DATA	
white  . . . . . . . . . . . . .	Number	 0000000Fh   
wsprintf . . . . . . . . . . . .	Text   	 wsprintfA
yellow . . . . . . . . . . . . .	Number	 0000000Eh   

	   0 Warnings
	   0 Errors
